[INFO][main][2020-03-30 00:50:39][org.springframework.web.context.ContextLoader] - Root WebApplicationContext: initialization started
[INFO][main][2020-03-30 00:50:39][org.springframework.context.support.AbstractApplicationContext] - Refreshing Root WebApplicationContext: startup date [Mon Mar 30 00:50:39 CST 2020]; root of context hierarchy
[INFO][main][2020-03-30 00:50:39][org.springframework.beans.factory.xml.XmlBeanDefinitionReader] - Loading XML bean definitions from class path resource [spring-mybatis.xml]
[INFO][main][2020-03-30 00:50:39][org.springframework.core.io.support.PropertiesLoaderSupport] - Loading properties file from class path resource [jdbc.properties]
[INFO][main][2020-03-30 00:50:39][org.springframework.beans.factory.annotation.AutowiredAnnotationBeanPostProcessor] - JSR-330 'javax.inject.Inject' annotation found and supported for autowiring
[INFO][main][2020-03-30 00:50:40][org.springframework.web.context.ContextLoader] - Root WebApplicationContext: initialization completed in 903 ms
[INFO][main][2020-03-30 00:50:40][org.springframework.web.servlet.FrameworkServlet] - FrameworkServlet 'SpringMVC': initialization started
[INFO][main][2020-03-30 00:50:40][org.springframework.context.support.AbstractApplicationContext] - Refreshing WebApplicationContext for namespace 'SpringMVC-servlet': startup date [Mon Mar 30 00:50:40 CST 2020]; parent: Root WebApplicationContext
[INFO][main][2020-03-30 00:50:40][org.springframework.beans.factory.xml.XmlBeanDefinitionReader] - Loading XML bean definitions from class path resource [spring-mvc.xml]
[INFO][main][2020-03-30 00:50:40][org.springframework.beans.factory.annotation.AutowiredAnnotationBeanPostProcessor] - JSR-330 'javax.inject.Inject' annotation found and supported for autowiring
[INFO][main][2020-03-30 00:50:40][org.springframework.web.servlet.handler.AbstractHandlerMethodMapping$MappingRegistry] - Mapped "{[/index]}" onto public org.springframework.web.servlet.ModelAndView com.citywy.controller.IndexController.indexLoad()
[INFO][main][2020-03-30 00:50:40][org.springframework.web.servlet.handler.AbstractHandlerMethodMapping$MappingRegistry] - Mapped "{[/]}" onto public org.springframework.web.servlet.ModelAndView com.citywy.controller.IndexController.indexPage()
[INFO][main][2020-03-30 00:50:40][org.springframework.web.servlet.handler.AbstractHandlerMethodMapping$MappingRegistry] - Mapped "{[/know || /know/]}" onto public java.lang.String com.citywy.controller.KnowController.list()
[INFO][main][2020-03-30 00:50:40][org.springframework.web.servlet.handler.AbstractHandlerMethodMapping$MappingRegistry] - Mapped "{[/know/p{pageindex:\d+}]}" onto public java.lang.String com.citywy.controller.KnowController.fylist(int) throws java.lang.Exception
[INFO][main][2020-03-30 00:50:40][org.springframework.web.servlet.handler.AbstractHandlerMethodMapping$MappingRegistry] - Mapped "{[/panjie1314]}" onto public org.springframework.web.servlet.ModelAndView com.citywy.controller.PanJie1314Controller.pj1314()
[INFO][main][2020-03-30 00:50:41][org.springframework.web.servlet.mvc.method.annotation.RequestMappingHandlerAdapter] - Looking for @ControllerAdvice: WebApplicationContext for namespace 'SpringMVC-servlet': startup date [Mon Mar 30 00:50:40 CST 2020]; parent: Root WebApplicationContext
[INFO][main][2020-03-30 00:50:41][org.springframework.web.servlet.mvc.method.annotation.RequestMappingHandlerAdapter] - Looking for @ControllerAdvice: WebApplicationContext for namespace 'SpringMVC-servlet': startup date [Mon Mar 30 00:50:40 CST 2020]; parent: Root WebApplicationContext
[INFO][main][2020-03-30 00:50:41][org.springframework.web.servlet.view.freemarker.FreeMarkerConfigurer] - ClassTemplateLoader for Spring macros added to FreeMarker configuration
[INFO][main][2020-03-30 00:50:41][org.springframework.web.servlet.handler.AbstractUrlHandlerMapping] - Mapped URL path [/**] onto handler 'org.springframework.web.servlet.resource.DefaultServletHttpRequestHandler#0'
[INFO][main][2020-03-30 00:50:41][org.springframework.web.servlet.handler.AbstractUrlHandlerMapping] - Mapped URL path [/images/**] onto handler 'org.springframework.web.servlet.resource.ResourceHttpRequestHandler#0'
[INFO][main][2020-03-30 00:50:41][org.springframework.web.servlet.handler.AbstractUrlHandlerMapping] - Mapped URL path [/js/**] onto handler 'org.springframework.web.servlet.resource.ResourceHttpRequestHandler#1'
[INFO][main][2020-03-30 00:50:41][org.springframework.web.servlet.handler.AbstractUrlHandlerMapping] - Mapped URL path [/css/**] onto handler 'org.springframework.web.servlet.resource.ResourceHttpRequestHandler#2'
[INFO][main][2020-03-30 00:50:41][org.springframework.web.servlet.FrameworkServlet] - FrameworkServlet 'SpringMVC': initialization completed in 1153 ms
[INFO][main][2020-03-30 00:51:13][org.springframework.web.context.ContextLoader] - Root WebApplicationContext: initialization started
[INFO][main][2020-03-30 00:51:13][org.springframework.context.support.AbstractApplicationContext] - Refreshing Root WebApplicationContext: startup date [Mon Mar 30 00:51:13 CST 2020]; root of context hierarchy
[INFO][main][2020-03-30 00:51:13][org.springframework.beans.factory.xml.XmlBeanDefinitionReader] - Loading XML bean definitions from class path resource [spring-mybatis.xml]
[INFO][main][2020-03-30 00:51:14][org.springframework.core.io.support.PropertiesLoaderSupport] - Loading properties file from class path resource [jdbc.properties]
[INFO][main][2020-03-30 00:51:14][org.springframework.beans.factory.annotation.AutowiredAnnotationBeanPostProcessor] - JSR-330 'javax.inject.Inject' annotation found and supported for autowiring
[INFO][main][2020-03-30 00:51:14][org.springframework.web.context.ContextLoader] - Root WebApplicationContext: initialization completed in 872 ms
[INFO][main][2020-03-30 00:51:14][org.springframework.web.servlet.FrameworkServlet] - FrameworkServlet 'SpringMVC': initialization started
[INFO][main][2020-03-30 00:51:14][org.springframework.context.support.AbstractApplicationContext] - Refreshing WebApplicationContext for namespace 'SpringMVC-servlet': startup date [Mon Mar 30 00:51:14 CST 2020]; parent: Root WebApplicationContext
[INFO][main][2020-03-30 00:51:14][org.springframework.beans.factory.xml.XmlBeanDefinitionReader] - Loading XML bean definitions from class path resource [spring-mvc.xml]
[INFO][main][2020-03-30 00:51:14][org.springframework.beans.factory.annotation.AutowiredAnnotationBeanPostProcessor] - JSR-330 'javax.inject.Inject' annotation found and supported for autowiring
[INFO][main][2020-03-30 00:51:15][org.springframework.web.servlet.handler.AbstractHandlerMethodMapping$MappingRegistry] - Mapped "{[/]}" onto public org.springframework.web.servlet.ModelAndView com.citywy.controller.IndexController.indexPage()
[INFO][main][2020-03-30 00:51:15][org.springframework.web.servlet.handler.AbstractHandlerMethodMapping$MappingRegistry] - Mapped "{[/index]}" onto public org.springframework.web.servlet.ModelAndView com.citywy.controller.IndexController.indexLoad()
[INFO][main][2020-03-30 00:51:15][org.springframework.web.servlet.handler.AbstractHandlerMethodMapping$MappingRegistry] - Mapped "{[/know || /know/]}" onto public java.lang.String com.citywy.controller.KnowController.list()
[INFO][main][2020-03-30 00:51:15][org.springframework.web.servlet.handler.AbstractHandlerMethodMapping$MappingRegistry] - Mapped "{[/know/p{pageindex:\d+}]}" onto public java.lang.String com.citywy.controller.KnowController.fylist(int) throws java.lang.Exception
[INFO][main][2020-03-30 00:51:15][org.springframework.web.servlet.handler.AbstractHandlerMethodMapping$MappingRegistry] - Mapped "{[/panjie1314]}" onto public org.springframework.web.servlet.ModelAndView com.citywy.controller.PanJie1314Controller.pj1314()
[INFO][main][2020-03-30 00:51:15][org.springframework.web.servlet.mvc.method.annotation.RequestMappingHandlerAdapter] - Looking for @ControllerAdvice: WebApplicationContext for namespace 'SpringMVC-servlet': startup date [Mon Mar 30 00:51:14 CST 2020]; parent: Root WebApplicationContext
[INFO][main][2020-03-30 00:51:15][org.springframework.web.servlet.mvc.method.annotation.RequestMappingHandlerAdapter] - Looking for @ControllerAdvice: WebApplicationContext for namespace 'SpringMVC-servlet': startup date [Mon Mar 30 00:51:14 CST 2020]; parent: Root WebApplicationContext
[INFO][main][2020-03-30 00:51:15][org.springframework.web.servlet.view.freemarker.FreeMarkerConfigurer] - ClassTemplateLoader for Spring macros added to FreeMarker configuration
[INFO][main][2020-03-30 00:51:15][org.springframework.web.servlet.handler.AbstractUrlHandlerMapping] - Mapped URL path [/**] onto handler 'org.springframework.web.servlet.resource.DefaultServletHttpRequestHandler#0'
[INFO][main][2020-03-30 00:51:15][org.springframework.web.servlet.handler.AbstractUrlHandlerMapping] - Mapped URL path [/images/**] onto handler 'org.springframework.web.servlet.resource.ResourceHttpRequestHandler#0'
[INFO][main][2020-03-30 00:51:15][org.springframework.web.servlet.handler.AbstractUrlHandlerMapping] - Mapped URL path [/js/**] onto handler 'org.springframework.web.servlet.resource.ResourceHttpRequestHandler#1'
[INFO][main][2020-03-30 00:51:15][org.springframework.web.servlet.handler.AbstractUrlHandlerMapping] - Mapped URL path [/css/**] onto handler 'org.springframework.web.servlet.resource.ResourceHttpRequestHandler#2'
[INFO][main][2020-03-30 00:51:15][org.springframework.web.servlet.FrameworkServlet] - FrameworkServlet 'SpringMVC': initialization completed in 1090 ms
[INFO][main][2020-08-23 21:27:20][org.springframework.web.context.ContextLoader] - Root WebApplicationContext: initialization started
[INFO][main][2020-08-23 21:27:20][org.springframework.context.support.AbstractApplicationContext] - Refreshing Root WebApplicationContext: startup date [Sun Aug 23 21:27:20 CST 2020]; root of context hierarchy
[INFO][main][2020-08-23 21:27:20][org.springframework.beans.factory.xml.XmlBeanDefinitionReader] - Loading XML bean definitions from class path resource [spring-mybatis.xml]
[INFO][main][2020-08-23 21:27:20][org.springframework.core.io.support.PropertiesLoaderSupport] - Loading properties file from class path resource [jdbc-local.properties]
[INFO][main][2020-08-23 21:27:21][org.springframework.beans.factory.annotation.AutowiredAnnotationBeanPostProcessor] - JSR-330 'javax.inject.Inject' annotation found and supported for autowiring
[INFO][main][2020-08-23 21:27:21][org.springframework.web.context.ContextLoader] - Root WebApplicationContext: initialization completed in 1505 ms
[INFO][main][2020-08-23 21:27:21][org.springframework.web.servlet.FrameworkServlet] - FrameworkServlet 'SpringMVC': initialization started
[INFO][main][2020-08-23 21:27:21][org.springframework.context.support.AbstractApplicationContext] - Refreshing WebApplicationContext for namespace 'SpringMVC-servlet': startup date [Sun Aug 23 21:27:21 CST 2020]; parent: Root WebApplicationContext
[INFO][main][2020-08-23 21:27:21][org.springframework.beans.factory.xml.XmlBeanDefinitionReader] - Loading XML bean definitions from class path resource [spring-mvc.xml]
[INFO][main][2020-08-23 21:27:22][org.springframework.beans.factory.annotation.AutowiredAnnotationBeanPostProcessor] - JSR-330 'javax.inject.Inject' annotation found and supported for autowiring
[INFO][main][2020-08-23 21:27:22][org.springframework.web.servlet.handler.AbstractHandlerMethodMapping$MappingRegistry] - Mapped "{[/]}" onto public org.springframework.web.servlet.ModelAndView com.citywy.controller.IndexController.indexPage()
[INFO][main][2020-08-23 21:27:22][org.springframework.web.servlet.handler.AbstractHandlerMethodMapping$MappingRegistry] - Mapped "{[/index]}" onto public org.springframework.web.servlet.ModelAndView com.citywy.controller.IndexController.indexLoad()
[INFO][main][2020-08-23 21:27:22][org.springframework.web.servlet.handler.AbstractHandlerMethodMapping$MappingRegistry] - Mapped "{[/know || /know/]}" onto public java.lang.String com.citywy.controller.KnowController.list()
[INFO][main][2020-08-23 21:27:22][org.springframework.web.servlet.handler.AbstractHandlerMethodMapping$MappingRegistry] - Mapped "{[/know/p{pageindex:\d+}]}" onto public java.lang.String com.citywy.controller.KnowController.fylist(int) throws java.lang.Exception
[INFO][main][2020-08-23 21:27:22][org.springframework.web.servlet.handler.AbstractHandlerMethodMapping$MappingRegistry] - Mapped "{[/panjie1314]}" onto public org.springframework.web.servlet.ModelAndView com.citywy.controller.PanJie1314Controller.pj1314()
[INFO][main][2020-08-23 21:27:22][org.springframework.web.servlet.mvc.method.annotation.RequestMappingHandlerAdapter] - Looking for @ControllerAdvice: WebApplicationContext for namespace 'SpringMVC-servlet': startup date [Sun Aug 23 21:27:21 CST 2020]; parent: Root WebApplicationContext
[INFO][main][2020-08-23 21:27:22][org.springframework.web.servlet.mvc.method.annotation.RequestMappingHandlerAdapter] - Looking for @ControllerAdvice: WebApplicationContext for namespace 'SpringMVC-servlet': startup date [Sun Aug 23 21:27:21 CST 2020]; parent: Root WebApplicationContext
[INFO][main][2020-08-23 21:27:23][org.springframework.web.servlet.view.freemarker.FreeMarkerConfigurer] - ClassTemplateLoader for Spring macros added to FreeMarker configuration
[INFO][main][2020-08-23 21:27:23][org.springframework.web.servlet.handler.AbstractUrlHandlerMapping] - Mapped URL path [/**] onto handler 'org.springframework.web.servlet.resource.DefaultServletHttpRequestHandler#0'
[INFO][main][2020-08-23 21:27:23][org.springframework.web.servlet.handler.AbstractUrlHandlerMapping] - Mapped URL path [/images/**] onto handler 'org.springframework.web.servlet.resource.ResourceHttpRequestHandler#0'
[INFO][main][2020-08-23 21:27:23][org.springframework.web.servlet.handler.AbstractUrlHandlerMapping] - Mapped URL path [/js/**] onto handler 'org.springframework.web.servlet.resource.ResourceHttpRequestHandler#1'
[INFO][main][2020-08-23 21:27:23][org.springframework.web.servlet.handler.AbstractUrlHandlerMapping] - Mapped URL path [/css/**] onto handler 'org.springframework.web.servlet.resource.ResourceHttpRequestHandler#2'
[INFO][main][2020-08-23 21:27:23][org.springframework.web.servlet.FrameworkServlet] - FrameworkServlet 'SpringMVC': initialization completed in 1387 ms
